<?xml version="1.0" encoding="UTF-8"?>
<!-- Generated by org.testng.reporters.JUnitReportReporter -->
<testsuite skipped="0" hostname="IN-kpraveek-1" name="datadriventesting.DataDrivenTest_AddNewEmployees" tests="5" failures="0" timestamp="03 Dec 2019 18:21:24 GMT" time="6.212" errors="0">
  <testcase name="postNewEmployees" time="0.817" classname="datadriventesting.DataDrivenTest_AddNewEmployees"/>
  <testcase name="postNewEmployees" time="0.853" classname="datadriventesting.DataDrivenTest_AddNewEmployees"/>
  <testcase name="postNewEmployees" time="0.826" classname="datadriventesting.DataDrivenTest_AddNewEmployees"/>
  <testcase name="postNewEmployees" time="0.843" classname="datadriventesting.DataDrivenTest_AddNewEmployees"/>
  <testcase name="postNewEmployees" time="2.873" classname="datadriventesting.DataDrivenTest_AddNewEmployees"/>
</testsuite> <!-- datadriventesting.DataDrivenTest_AddNewEmployees -->
