<?xml version="1.0" encoding="UTF-8"?>
<!-- Generated by org.testng.reporters.JUnitReportReporter -->
<testsuite skipped="0" hostname="IN-kpraveek-1" name="TC005_GET_ValidatingJSONResponse" tests="1" failures="0" timestamp="27 Nov 2019 17:19:36 GMT" time="2.032" errors="0">
  <testcase name="getAndPrintAllHeaders" time="2.032" classname="TC005_GET_ValidatingJSONResponse"/>
</testsuite> <!-- TC005_GET_ValidatingJSONResponse -->
