<?xml version="1.0" encoding="UTF-8"?>
<!-- Generated by org.testng.reporters.JUnitReportReporter -->
<testsuite skipped="0" hostname="IN-kpraveek-1" name="TC006_GET_ExtractValuesofEachNodeInJson" tests="1" failures="0" timestamp="27 Nov 2019 17:27:47 GMT" time="2.424" errors="0">
  <testcase name="getAndPrintAllHeaders" time="2.424" classname="TC006_GET_ExtractValuesofEachNodeInJson"/>
</testsuite> <!-- TC006_GET_ExtractValuesofEachNodeInJson -->
