<?xml version="1.0" encoding="UTF-8"?>
<!-- Generated by org.testng.reporters.JUnitReportReporter -->
<testsuite skipped="0" hostname="IN-kpraveek-1" name="TC007_GET_Request_Autherization" tests="1" failures="0" timestamp="27 Nov 2019 17:43:08 GMT" time="2.266" errors="0">
  <testcase name="AutherizationTest" time="2.266" classname="TC007_GET_Request_Autherization"/>
</testsuite> <!-- TC007_GET_Request_Autherization -->
