<?xml version="1.0" encoding="UTF-8"?>
<!-- Generated by org.testng.reporters.JUnitReportReporter -->
<testsuite skipped="0" hostname="IN-kpraveek-1" name="TC004_GET_PrintAllHeaders" tests="1" failures="0" timestamp="27 Nov 2019 17:05:57 GMT" time="5.043" errors="0">
  <testcase name="getAndPrintAllHeaders" time="5.043" classname="TC004_GET_PrintAllHeaders"/>
</testsuite> <!-- TC004_GET_PrintAllHeaders -->
