<?xml version="1.0" encoding="UTF-8"?>
<!-- Generated by org.testng.reporters.JUnitReportReporter -->
<testsuite skipped="0" hostname="IN-kpraveek-1" name="TC003_GET_Request" tests="1" failures="0" timestamp="26 Nov 2019 16:09:47 GMT" time="4.906" errors="0">
  <testcase name="googleMapTest" time="4.906" classname="TC003_GET_Request"/>
</testsuite> <!-- TC003_GET_Request -->
