<?xml version="1.0" encoding="UTF-8"?>
<!-- Generated by org.testng.reporters.JUnitReportReporter -->
<testsuite skipped="0" hostname="IN-kpraveek-1" name="TC001_GET_Request" tests="1" failures="0" timestamp="26 Nov 2019 15:06:39 GMT" time="2.605" errors="0">
  <testcase name="getWeatherDetails" time="2.605" classname="TC001_GET_Request"/>
</testsuite> <!-- TC001_GET_Request -->
