<?xml version="1.0" encoding="UTF-8"?>
<!-- Generated by org.testng.reporters.JUnitReportReporter -->
<testsuite skipped="0" hostname="IN-kpraveek-1" name="TC002_POST_Request" tests="1" failures="0" timestamp="26 Nov 2019 15:39:37 GMT" time="2.960" errors="0">
  <testcase name="RegistrationSuccesfull" time="2.960" classname="TC002_POST_Request"/>
</testsuite> <!-- TC002_POST_Request -->
